Analysis & Synthesis report for RoulleteGame
Tue Mar 11 09:05:15 2025
Quartus Prime Version 20.1.1 Build 720 11/11/2020 SJ Lite Edition


---------------------
; Table of Contents ;
---------------------
  1. Legal Notice
  2. Analysis & Synthesis Summary
  3. Analysis & Synthesis Settings
  4. Parallel Compilation
  5. Analysis & Synthesis Source Files Read
  6. Analysis & Synthesis Resource Usage Summary
  7. Analysis & Synthesis Resource Utilization by Entity
  8. General Register Statistics
  9. Port Connectivity Checks: "Counter:counter_A|ADDER:adder_4"
 10. Port Connectivity Checks: "Counter:counter_A|reg:reg_4|FFD:U3"
 11. Port Connectivity Checks: "Counter:counter_A|reg:reg_4|FFD:U2"
 12. Port Connectivity Checks: "Counter:counter_A|reg:reg_4|FFD:U1"
 13. Port Connectivity Checks: "Counter:counter_A|reg:reg_4|FFD:U0"
 14. Post-Synthesis Netlist Statistics for Top Partition
 15. Elapsed Time Per Partition
 16. Analysis & Synthesis Messages



----------------
; Legal Notice ;
----------------
Copyright (C) 2020  Intel Corporation. All rights reserved.
Your use of Intel Corporation's design tools, logic functions 
and other software and tools, and any partner logic 
functions, and any output files from any of the foregoing 
(including device programming or simulation files), and any 
associated documentation or information are expressly subject 
to the terms and conditions of the Intel Program License 
Subscription Agreement, the Intel Quartus Prime License Agreement,
the Intel FPGA IP License Agreement, or other applicable license
agreement, including, without limitation, that your use is for
the sole purpose of programming logic devices manufactured by
Intel and sold by Intel or its authorized distributors.  Please
refer to the applicable agreement for further details, at
https://fpgasoftware.intel.com/eula.



+----------------------------------------------------------------------------------+
; Analysis & Synthesis Summary                                                     ;
+------------------------------------+---------------------------------------------+
; Analysis & Synthesis Status        ; Successful - Tue Mar 11 09:05:15 2025       ;
; Quartus Prime Version              ; 20.1.1 Build 720 11/11/2020 SJ Lite Edition ;
; Revision Name                      ; RoulleteGame                                ;
; Top-level Entity Name              ; KEY_SCAN                                    ;
; Family                             ; MAX 10                                      ;
; Total logic elements               ; 11                                          ;
;     Total combinational functions  ; 11                                          ;
;     Dedicated logic registers      ; 4                                           ;
; Total registers                    ; 4                                           ;
; Total pins                         ; 16                                          ;
; Total virtual pins                 ; 0                                           ;
; Total memory bits                  ; 0                                           ;
; Embedded Multiplier 9-bit elements ; 0                                           ;
; Total PLLs                         ; 0                                           ;
; UFM blocks                         ; 0                                           ;
; ADC blocks                         ; 0                                           ;
+------------------------------------+---------------------------------------------+


+------------------------------------------------------------------------------------------------------------+
; Analysis & Synthesis Settings                                                                              ;
+------------------------------------------------------------------+--------------------+--------------------+
; Option                                                           ; Setting            ; Default Value      ;
+------------------------------------------------------------------+--------------------+--------------------+
; Device                                                           ; 10M50DAF484C6GES   ;                    ;
; Top-level entity name                                            ; KEY_SCAN           ; RoulleteGame       ;
; Family name                                                      ; MAX 10             ; Cyclone V          ;
; Use smart compilation                                            ; Off                ; Off                ;
; Enable parallel Assembler and Timing Analyzer during compilation ; On                 ; On                 ;
; Enable compact report table                                      ; Off                ; Off                ;
; Restructure Multiplexers                                         ; Auto               ; Auto               ;
; Create Debugging Nodes for IP Cores                              ; Off                ; Off                ;
; Preserve fewer node names                                        ; On                 ; On                 ;
; Intel FPGA IP Evaluation Mode                                    ; Enable             ; Enable             ;
; Verilog Version                                                  ; Verilog_2001       ; Verilog_2001       ;
; VHDL Version                                                     ; VHDL_1993          ; VHDL_1993          ;
; State Machine Processing                                         ; Auto               ; Auto               ;
; Safe State Machine                                               ; Off                ; Off                ;
; Extract Verilog State Machines                                   ; On                 ; On                 ;
; Extract VHDL State Machines                                      ; On                 ; On                 ;
; Ignore Verilog initial constructs                                ; Off                ; Off                ;
; Iteration limit for constant Verilog loops                       ; 5000               ; 5000               ;
; Iteration limit for non-constant Verilog loops                   ; 250                ; 250                ;
; Add Pass-Through Logic to Inferred RAMs                          ; On                 ; On                 ;
; Infer RAMs from Raw Logic                                        ; On                 ; On                 ;
; Parallel Synthesis                                               ; On                 ; On                 ;
; DSP Block Balancing                                              ; Auto               ; Auto               ;
; NOT Gate Push-Back                                               ; On                 ; On                 ;
; Power-Up Don't Care                                              ; On                 ; On                 ;
; Remove Redundant Logic Cells                                     ; Off                ; Off                ;
; Remove Duplicate Registers                                       ; On                 ; On                 ;
; Ignore CARRY Buffers                                             ; Off                ; Off                ;
; Ignore CASCADE Buffers                                           ; Off                ; Off                ;
; Ignore GLOBAL Buffers                                            ; Off                ; Off                ;
; Ignore ROW GLOBAL Buffers                                        ; Off                ; Off                ;
; Ignore LCELL Buffers                                             ; Off                ; Off                ;
; Ignore SOFT Buffers                                              ; On                 ; On                 ;
; Limit AHDL Integers to 32 Bits                                   ; Off                ; Off                ;
; Optimization Technique                                           ; Balanced           ; Balanced           ;
; Carry Chain Length                                               ; 70                 ; 70                 ;
; Auto Carry Chains                                                ; On                 ; On                 ;
; Auto Open-Drain Pins                                             ; On                 ; On                 ;
; Perform WYSIWYG Primitive Resynthesis                            ; Off                ; Off                ;
; Auto ROM Replacement                                             ; On                 ; On                 ;
; Auto RAM Replacement                                             ; On                 ; On                 ;
; Auto DSP Block Replacement                                       ; On                 ; On                 ;
; Auto Shift Register Replacement                                  ; Auto               ; Auto               ;
; Allow Shift Register Merging across Hierarchies                  ; Auto               ; Auto               ;
; Auto Clock Enable Replacement                                    ; On                 ; On                 ;
; Strict RAM Replacement                                           ; Off                ; Off                ;
; Allow Synchronous Control Signals                                ; On                 ; On                 ;
; Force Use of Synchronous Clear Signals                           ; Off                ; Off                ;
; Auto RAM Block Balancing                                         ; On                 ; On                 ;
; Auto RAM to Logic Cell Conversion                                ; Off                ; Off                ;
; Auto Resource Sharing                                            ; Off                ; Off                ;
; Allow Any RAM Size For Recognition                               ; Off                ; Off                ;
; Allow Any ROM Size For Recognition                               ; Off                ; Off                ;
; Allow Any Shift Register Size For Recognition                    ; Off                ; Off                ;
; Use LogicLock Constraints during Resource Balancing              ; On                 ; On                 ;
; Ignore translate_off and synthesis_off directives                ; Off                ; Off                ;
; Timing-Driven Synthesis                                          ; On                 ; On                 ;
; Report Parameter Settings                                        ; On                 ; On                 ;
; Report Source Assignments                                        ; On                 ; On                 ;
; Report Connectivity Checks                                       ; On                 ; On                 ;
; Ignore Maximum Fan-Out Assignments                               ; Off                ; Off                ;
; Synchronization Register Chain Length                            ; 2                  ; 2                  ;
; Power Optimization During Synthesis                              ; Normal compilation ; Normal compilation ;
; HDL message level                                                ; Level2             ; Level2             ;
; Suppress Register Optimization Related Messages                  ; Off                ; Off                ;
; Number of Removed Registers Reported in Synthesis Report         ; 5000               ; 5000               ;
; Number of Swept Nodes Reported in Synthesis Report               ; 5000               ; 5000               ;
; Number of Inverted Registers Reported in Synthesis Report        ; 100                ; 100                ;
; Clock MUX Protection                                             ; On                 ; On                 ;
; Auto Gated Clock Conversion                                      ; Off                ; Off                ;
; Block Design Naming                                              ; Auto               ; Auto               ;
; SDC constraint protection                                        ; Off                ; Off                ;
; Synthesis Effort                                                 ; Auto               ; Auto               ;
; Shift Register Replacement - Allow Asynchronous Clear Signal     ; On                 ; On                 ;
; Pre-Mapping Resynthesis Optimization                             ; Off                ; Off                ;
; Analysis & Synthesis Message Level                               ; Medium             ; Medium             ;
; Disable Register Merging Across Hierarchies                      ; Auto               ; Auto               ;
; Resource Aware Inference For Block RAM                           ; On                 ; On                 ;
+------------------------------------------------------------------+--------------------+--------------------+


+------------------------------------------+
; Parallel Compilation                     ;
+----------------------------+-------------+
; Processors                 ; Number      ;
+----------------------------+-------------+
; Number detected on machine ; 16          ;
; Maximum allowed            ; 10          ;
;                            ;             ;
; Average used               ; 1.00        ;
; Maximum used               ; 10          ;
;                            ;             ;
; Usage by Processor         ; % Time Used ;
;     Processor 1            ; 100.0%      ;
;     Processors 2-10        ;   0.0%      ;
+----------------------------+-------------+


+----------------------------------------------------------------------------------------------------------------------------------------------------------+
; Analysis & Synthesis Source Files Read                                                                                                                   ;
+----------------------------------+-----------------+-----------------+-------------------------------------------------------------------------+---------+
; File Name with User-Entered Path ; Used in Netlist ; File Type       ; File Name with Absolute Path                                            ; Library ;
+----------------------------------+-----------------+-----------------+-------------------------------------------------------------------------+---------+
; ../keyboard/KEY_SCAN.vhd         ; yes             ; User VHDL File  ; C:/ISEL/4_Semestre/LIC/Projeto_LIC_24-25/hardware/keyboard/KEY_SCAN.vhd ;         ;
; ../common/REG_4B.vhd             ; yes             ; User VHDL File  ; C:/ISEL/4_Semestre/LIC/Projeto_LIC_24-25/hardware/common/REG_4B.vhd     ;         ;
; ../common/MUX_41.vhd             ; yes             ; User VHDL File  ; C:/ISEL/4_Semestre/LIC/Projeto_LIC_24-25/hardware/common/MUX_41.vhd     ;         ;
; ../common/MUX_21.vhd             ; yes             ; User VHDL File  ; C:/ISEL/4_Semestre/LIC/Projeto_LIC_24-25/hardware/common/MUX_21.vhd     ;         ;
; ../common/FULLADDER.vhd          ; yes             ; User VHDL File  ; C:/ISEL/4_Semestre/LIC/Projeto_LIC_24-25/hardware/common/FULLADDER.vhd  ;         ;
; ../common/FFD.vhd                ; yes             ; User VHDL File  ; C:/ISEL/4_Semestre/LIC/Projeto_LIC_24-25/hardware/common/FFD.vhd        ;         ;
; ../common/DECODER.vhd            ; yes             ; User VHDL File  ; C:/ISEL/4_Semestre/LIC/Projeto_LIC_24-25/hardware/common/DECODER.vhd    ;         ;
; ../common/COUNTER.vhd            ; yes             ; User VHDL File  ; C:/ISEL/4_Semestre/LIC/Projeto_LIC_24-25/hardware/common/COUNTER.vhd    ;         ;
; ../common/ADDER.vhd              ; yes             ; User VHDL File  ; C:/ISEL/4_Semestre/LIC/Projeto_LIC_24-25/hardware/common/ADDER.vhd      ;         ;
+----------------------------------+-----------------+-----------------+-------------------------------------------------------------------------+---------+


+------------------------------------------------------------------------------------+
; Analysis & Synthesis Resource Usage Summary                                        ;
+---------------------------------------------+--------------------------------------+
; Resource                                    ; Usage                                ;
+---------------------------------------------+--------------------------------------+
; Estimated Total logic elements              ; 11                                   ;
;                                             ;                                      ;
; Total combinational functions               ; 11                                   ;
; Logic element usage by number of LUT inputs ;                                      ;
;     -- 4 input functions                    ; 4                                    ;
;     -- 3 input functions                    ; 1                                    ;
;     -- <=2 input functions                  ; 6                                    ;
;                                             ;                                      ;
; Logic elements by mode                      ;                                      ;
;     -- normal mode                          ; 11                                   ;
;     -- arithmetic mode                      ; 0                                    ;
;                                             ;                                      ;
; Total registers                             ; 4                                    ;
;     -- Dedicated logic registers            ; 4                                    ;
;     -- I/O registers                        ; 0                                    ;
;                                             ;                                      ;
; I/O pins                                    ; 16                                   ;
;                                             ;                                      ;
; Embedded Multiplier 9-bit elements          ; 0                                    ;
;                                             ;                                      ;
; Maximum fan-out node                        ; Counter:counter_A|reg:reg_4|FFD:U2|Q ;
; Maximum fan-out                             ; 7                                    ;
; Total fan-out                               ; 68                                   ;
; Average fan-out                             ; 1.45                                 ;
+---------------------------------------------+--------------------------------------+


+-------------------------------------------------------------------------------------------------------------------------------------------------------------------------------------------------------------------------------------------------------------+
; Analysis & Synthesis Resource Utilization by Entity                                                                                                                                                                                                         ;
+----------------------------+---------------------+---------------------------+-------------+------------+--------------+---------+-----------+------+--------------+------------+----------------------------------------------+-------------+--------------+
; Compilation Hierarchy Node ; Combinational ALUTs ; Dedicated Logic Registers ; Memory Bits ; UFM Blocks ; DSP Elements ; DSP 9x9 ; DSP 18x18 ; Pins ; Virtual Pins ; ADC blocks ; Full Hierarchy Name                          ; Entity Name ; Library Name ;
+----------------------------+---------------------+---------------------------+-------------+------------+--------------+---------+-----------+------+--------------+------------+----------------------------------------------+-------------+--------------+
; |KEY_SCAN                  ; 11 (0)              ; 4 (0)                     ; 0           ; 0          ; 0            ; 0       ; 0         ; 16   ; 0            ; 0          ; |KEY_SCAN                                    ; KEY_SCAN    ; work         ;
;    |Counter:counter_A|     ; 5 (0)               ; 4 (0)                     ; 0           ; 0          ; 0            ; 0       ; 0         ; 0    ; 0            ; 0          ; |KEY_SCAN|Counter:counter_A                  ; Counter     ; work         ;
;       |reg:reg_4|          ; 5 (0)               ; 4 (0)                     ; 0           ; 0          ; 0            ; 0       ; 0         ; 0    ; 0            ; 0          ; |KEY_SCAN|Counter:counter_A|reg:reg_4        ; reg         ; work         ;
;          |FFD:U0|          ; 1 (1)               ; 1 (1)                     ; 0           ; 0          ; 0            ; 0       ; 0         ; 0    ; 0            ; 0          ; |KEY_SCAN|Counter:counter_A|reg:reg_4|FFD:U0 ; FFD         ; work         ;
;          |FFD:U1|          ; 1 (1)               ; 1 (1)                     ; 0           ; 0          ; 0            ; 0       ; 0         ; 0    ; 0            ; 0          ; |KEY_SCAN|Counter:counter_A|reg:reg_4|FFD:U1 ; FFD         ; work         ;
;          |FFD:U2|          ; 1 (1)               ; 1 (1)                     ; 0           ; 0          ; 0            ; 0       ; 0         ; 0    ; 0            ; 0          ; |KEY_SCAN|Counter:counter_A|reg:reg_4|FFD:U2 ; FFD         ; work         ;
;          |FFD:U3|          ; 2 (2)               ; 1 (1)                     ; 0           ; 0          ; 0            ; 0       ; 0         ; 0    ; 0            ; 0          ; |KEY_SCAN|Counter:counter_A|reg:reg_4|FFD:U3 ; FFD         ; work         ;
;    |DECODER:decoder_A|     ; 4 (4)               ; 0 (0)                     ; 0           ; 0          ; 0            ; 0       ; 0         ; 0    ; 0            ; 0          ; |KEY_SCAN|DECODER:decoder_A                  ; DECODER     ; work         ;
;    |MUX41:mux_A|           ; 2 (0)               ; 0 (0)                     ; 0           ; 0          ; 0            ; 0       ; 0         ; 0    ; 0            ; 0          ; |KEY_SCAN|MUX41:mux_A                        ; MUX41       ; work         ;
;       |MUX21:U2|           ; 2 (2)               ; 0 (0)                     ; 0           ; 0          ; 0            ; 0       ; 0         ; 0    ; 0            ; 0          ; |KEY_SCAN|MUX41:mux_A|MUX21:U2               ; MUX21       ; work         ;
+----------------------------+---------------------+---------------------------+-------------+------------+--------------+---------+-----------+------+--------------+------------+----------------------------------------------+-------------+--------------+
Note: For table entries with two numbers listed, the numbers in parentheses indicate the number of resources of the given type used by the specific entity alone. The numbers listed outside of parentheses indicate the total resources of the given type used by the specific entity and all of its sub-entities in the hierarchy.


+------------------------------------------------------+
; General Register Statistics                          ;
+----------------------------------------------+-------+
; Statistic                                    ; Value ;
+----------------------------------------------+-------+
; Total registers                              ; 4     ;
; Number of registers using Synchronous Clear  ; 0     ;
; Number of registers using Synchronous Load   ; 0     ;
; Number of registers using Asynchronous Clear ; 4     ;
; Number of registers using Asynchronous Load  ; 0     ;
; Number of registers using Clock Enable       ; 0     ;
; Number of registers using Preset             ; 0     ;
+----------------------------------------------+-------+


+-------------------------------------------------------------------------------------------------------------------+
; Port Connectivity Checks: "Counter:counter_A|ADDER:adder_4"                                                       ;
+---------+--------+----------+-------------------------------------------------------------------------------------+
; Port    ; Type   ; Severity ; Details                                                                             ;
+---------+--------+----------+-------------------------------------------------------------------------------------+
; b[3..1] ; Input  ; Info     ; Stuck at GND                                                                        ;
; b[0]    ; Input  ; Info     ; Stuck at VCC                                                                        ;
; c0      ; Input  ; Info     ; Stuck at GND                                                                        ;
; c4      ; Output ; Info     ; Connected to dangling logic. Logic that only feeds a dangling port will be removed. ;
+---------+--------+----------+-------------------------------------------------------------------------------------+


+----------------------------------------------------------------+
; Port Connectivity Checks: "Counter:counter_A|reg:reg_4|FFD:U3" ;
+------+-------+----------+--------------------------------------+
; Port ; Type  ; Severity ; Details                              ;
+------+-------+----------+--------------------------------------+
; set  ; Input ; Info     ; Stuck at GND                         ;
+------+-------+----------+--------------------------------------+


+----------------------------------------------------------------+
; Port Connectivity Checks: "Counter:counter_A|reg:reg_4|FFD:U2" ;
+------+-------+----------+--------------------------------------+
; Port ; Type  ; Severity ; Details                              ;
+------+-------+----------+--------------------------------------+
; set  ; Input ; Info     ; Stuck at GND                         ;
+------+-------+----------+--------------------------------------+


+----------------------------------------------------------------+
; Port Connectivity Checks: "Counter:counter_A|reg:reg_4|FFD:U1" ;
+------+-------+----------+--------------------------------------+
; Port ; Type  ; Severity ; Details                              ;
+------+-------+----------+--------------------------------------+
; set  ; Input ; Info     ; Stuck at GND                         ;
+------+-------+----------+--------------------------------------+


+----------------------------------------------------------------+
; Port Connectivity Checks: "Counter:counter_A|reg:reg_4|FFD:U0" ;
+------+-------+----------+--------------------------------------+
; Port ; Type  ; Severity ; Details                              ;
+------+-------+----------+--------------------------------------+
; set  ; Input ; Info     ; Stuck at GND                         ;
+------+-------+----------+--------------------------------------+


+-----------------------------------------------------+
; Post-Synthesis Netlist Statistics for Top Partition ;
+-----------------------+-----------------------------+
; Type                  ; Count                       ;
+-----------------------+-----------------------------+
; boundary_port         ; 16                          ;
; cycloneiii_ff         ; 4                           ;
;     CLR               ; 4                           ;
; cycloneiii_lcell_comb ; 15                          ;
;     normal            ; 15                          ;
;         1 data inputs ; 4                           ;
;         2 data inputs ; 6                           ;
;         3 data inputs ; 1                           ;
;         4 data inputs ; 4                           ;
;                       ;                             ;
; Max LUT depth         ; 3.00                        ;
; Average LUT depth     ; 1.96                        ;
+-----------------------+-----------------------------+


+-------------------------------+
; Elapsed Time Per Partition    ;
+----------------+--------------+
; Partition Name ; Elapsed Time ;
+----------------+--------------+
; Top            ; 00:00:00     ;
+----------------+--------------+


+-------------------------------+
; Analysis & Synthesis Messages ;
+-------------------------------+
Info: *******************************************************************
Info: Running Quartus Prime Analysis & Synthesis
    Info: Version 20.1.1 Build 720 11/11/2020 SJ Lite Edition
    Info: Processing started: Tue Mar 11 09:04:55 2025
Info: Command: quartus_map --read_settings_files=on --write_settings_files=off RoulleteGame -c RoulleteGame
Warning (18236): Number of processors has not been specified which may cause overloading on shared machines.  Set the global assignment NUM_PARALLEL_PROCESSORS in your QSF to an appropriate value for best performance.
Info (20030): Parallel compilation is enabled and will use 10 of the 10 processors detected
Info (12021): Found 2 design units, including 1 entities, in source file /isel/4_semestre/lic/projeto_lic_24-25/hardware/keyboard/clkdiv.vhd
    Info (12022): Found design unit 1: CLKDIV-bhv File: C:/ISEL/4_Semestre/LIC/Projeto_LIC_24-25/hardware/keyboard/clkDIV.vhd Line: 11
    Info (12023): Found entity 1: CLKDIV File: C:/ISEL/4_Semestre/LIC/Projeto_LIC_24-25/hardware/keyboard/clkDIV.vhd Line: 5
Info (12021): Found 2 design units, including 1 entities, in source file /isel/4_semestre/lic/projeto_lic_24-25/hardware/keyboard/key_control.vhd
    Info (12022): Found design unit 1: Key_Control-behavioral File: C:/ISEL/4_Semestre/LIC/Projeto_LIC_24-25/hardware/keyboard/Key_Control.vhd Line: 15
    Info (12023): Found entity 1: Key_Control File: C:/ISEL/4_Semestre/LIC/Projeto_LIC_24-25/hardware/keyboard/Key_Control.vhd Line: 4
Info (12021): Found 2 design units, including 1 entities, in source file /isel/4_semestre/lic/projeto_lic_24-25/hardware/keyboard/key_scan.vhd
    Info (12022): Found design unit 1: KEY_SCAN-arch_kscan File: C:/ISEL/4_Semestre/LIC/Projeto_LIC_24-25/hardware/keyboard/KEY_SCAN.vhd Line: 16
    Info (12023): Found entity 1: KEY_SCAN File: C:/ISEL/4_Semestre/LIC/Projeto_LIC_24-25/hardware/keyboard/KEY_SCAN.vhd Line: 4
Info (12021): Found 2 design units, including 1 entities, in source file /isel/4_semestre/lic/projeto_lic_24-25/hardware/keyboard/key_decode.vhd
    Info (12022): Found design unit 1: Key_Decode-Structural File: C:/ISEL/4_Semestre/LIC/Projeto_LIC_24-25/hardware/keyboard/Key_Decode.vhd Line: 17
    Info (12023): Found entity 1: Key_Decode File: C:/ISEL/4_Semestre/LIC/Projeto_LIC_24-25/hardware/keyboard/Key_Decode.vhd Line: 4
Info (12021): Found 2 design units, including 1 entities, in source file /isel/4_semestre/lic/projeto_lic_24-25/hardware/roulette/display/roulettedisplay.vhd
    Info (12022): Found design unit 1: rouletteDisplay-structural File: C:/ISEL/4_Semestre/LIC/Projeto_LIC_24-25/hardware/roulette/Display/rouletteDisplay.vhd Line: 17
    Info (12023): Found entity 1: rouletteDisplay File: C:/ISEL/4_Semestre/LIC/Projeto_LIC_24-25/hardware/roulette/Display/rouletteDisplay.vhd Line: 4
Info (12021): Found 2 design units, including 1 entities, in source file /isel/4_semestre/lic/projeto_lic_24-25/hardware/roulette/display/reg_5bit.vhd
    Info (12022): Found design unit 1: reg_5bit-reg_5bit_arch File: C:/ISEL/4_Semestre/LIC/Projeto_LIC_24-25/hardware/roulette/Display/reg_5bit.vhd Line: 14
    Info (12023): Found entity 1: reg_5bit File: C:/ISEL/4_Semestre/LIC/Projeto_LIC_24-25/hardware/roulette/Display/reg_5bit.vhd Line: 4
Info (12021): Found 2 design units, including 1 entities, in source file /isel/4_semestre/lic/projeto_lic_24-25/hardware/roulette/display/dec2hex.vhd
    Info (12022): Found design unit 1: dec2hex-structural File: C:/ISEL/4_Semestre/LIC/Projeto_LIC_24-25/hardware/roulette/Display/dec2hex.vhd Line: 11
    Info (12023): Found entity 1: dec2hex File: C:/ISEL/4_Semestre/LIC/Projeto_LIC_24-25/hardware/roulette/Display/dec2hex.vhd Line: 4
Info (12021): Found 2 design units, including 1 entities, in source file /isel/4_semestre/lic/projeto_lic_24-25/hardware/roulette/display/dec_3_8.vhd
    Info (12022): Found design unit 1: dec_3_8-structural File: C:/ISEL/4_Semestre/LIC/Projeto_LIC_24-25/hardware/roulette/Display/dec_3_8.vhd Line: 11
    Info (12023): Found entity 1: dec_3_8 File: C:/ISEL/4_Semestre/LIC/Projeto_LIC_24-25/hardware/roulette/Display/dec_3_8.vhd Line: 4
Info (12021): Found 2 design units, including 1 entities, in source file /isel/4_semestre/lic/projeto_lic_24-25/hardware/common/reg_4b.vhd
    Info (12022): Found design unit 1: reg-logicFunction File: C:/ISEL/4_Semestre/LIC/Projeto_LIC_24-25/hardware/common/REG_4B.vhd Line: 12
    Info (12023): Found entity 1: reg File: C:/ISEL/4_Semestre/LIC/Projeto_LIC_24-25/hardware/common/REG_4B.vhd Line: 3
Warning (12090): Entity "MUX41" obtained from "../common/MUX_41.vhd" instead of from Quartus Prime megafunction library File: C:/ISEL/4_Semestre/LIC/Projeto_LIC_24-25/hardware/common/MUX_41.vhd Line: 3
Info (12021): Found 2 design units, including 1 entities, in source file /isel/4_semestre/lic/projeto_lic_24-25/hardware/common/mux_41.vhd
    Info (12022): Found design unit 1: MUX41-arq_mux41 File: C:/ISEL/4_Semestre/LIC/Projeto_LIC_24-25/hardware/common/MUX_41.vhd Line: 10
    Info (12023): Found entity 1: MUX41 File: C:/ISEL/4_Semestre/LIC/Projeto_LIC_24-25/hardware/common/MUX_41.vhd Line: 3
Info (12021): Found 2 design units, including 1 entities, in source file /isel/4_semestre/lic/projeto_lic_24-25/hardware/common/mux_21.vhd
    Info (12022): Found design unit 1: MUX21-arq_mux21 File: C:/ISEL/4_Semestre/LIC/Projeto_LIC_24-25/hardware/common/MUX_21.vhd Line: 10
    Info (12023): Found entity 1: MUX21 File: C:/ISEL/4_Semestre/LIC/Projeto_LIC_24-25/hardware/common/MUX_21.vhd Line: 3
Info (12021): Found 2 design units, including 1 entities, in source file /isel/4_semestre/lic/projeto_lic_24-25/hardware/common/fulladder.vhd
    Info (12022): Found design unit 1: FULLADDER-LOGICFULLADDER File: C:/ISEL/4_Semestre/LIC/Projeto_LIC_24-25/hardware/common/FULLADDER.vhd Line: 11
    Info (12023): Found entity 1: FULLADDER File: C:/ISEL/4_Semestre/LIC/Projeto_LIC_24-25/hardware/common/FULLADDER.vhd Line: 3
Info (12021): Found 2 design units, including 1 entities, in source file /isel/4_semestre/lic/projeto_lic_24-25/hardware/common/flags.vhd
    Info (12022): Found design unit 1: FLAGS-ARCH_FLAGS File: C:/ISEL/4_Semestre/LIC/Projeto_LIC_24-25/hardware/common/FLAGS.vhd Line: 12
    Info (12023): Found entity 1: FLAGS File: C:/ISEL/4_Semestre/LIC/Projeto_LIC_24-25/hardware/common/FLAGS.vhd Line: 3
Info (12021): Found 2 design units, including 1 entities, in source file /isel/4_semestre/lic/projeto_lic_24-25/hardware/common/ffd.vhd
    Info (12022): Found design unit 1: FFD-logicFunction File: C:/ISEL/4_Semestre/LIC/Projeto_LIC_24-25/hardware/common/FFD.vhd Line: 14
    Info (12023): Found entity 1: FFD File: C:/ISEL/4_Semestre/LIC/Projeto_LIC_24-25/hardware/common/FFD.vhd Line: 4
Info (12021): Found 2 design units, including 1 entities, in source file /isel/4_semestre/lic/projeto_lic_24-25/hardware/common/decoder.vhd
    Info (12022): Found design unit 1: DECODER-logicFuntion File: C:/ISEL/4_Semestre/LIC/Projeto_LIC_24-25/hardware/common/DECODER.vhd Line: 15
    Info (12023): Found entity 1: DECODER File: C:/ISEL/4_Semestre/LIC/Projeto_LIC_24-25/hardware/common/DECODER.vhd Line: 4
Info (12021): Found 2 design units, including 1 entities, in source file /isel/4_semestre/lic/projeto_lic_24-25/hardware/common/counter.vhd
    Info (12022): Found design unit 1: Counter-ARCH File: C:/ISEL/4_Semestre/LIC/Projeto_LIC_24-25/hardware/common/COUNTER.vhd Line: 13
    Info (12023): Found entity 1: Counter File: C:/ISEL/4_Semestre/LIC/Projeto_LIC_24-25/hardware/common/COUNTER.vhd Line: 4
Info (12021): Found 2 design units, including 1 entities, in source file /isel/4_semestre/lic/projeto_lic_24-25/hardware/common/addersub.vhd
    Info (12022): Found design unit 1: ADDSUB-ARCH_ADDSUB File: C:/ISEL/4_Semestre/LIC/Projeto_LIC_24-25/hardware/common/ADDERSUB.vhd Line: 13
    Info (12023): Found entity 1: ADDSUB File: C:/ISEL/4_Semestre/LIC/Projeto_LIC_24-25/hardware/common/ADDERSUB.vhd Line: 3
Info (12021): Found 2 design units, including 1 entities, in source file /isel/4_semestre/lic/projeto_lic_24-25/hardware/common/adder.vhd
    Info (12022): Found design unit 1: ADDER-ARCH_ADDER File: C:/ISEL/4_Semestre/LIC/Projeto_LIC_24-25/hardware/common/ADDER.vhd Line: 11
    Info (12023): Found entity 1: ADDER File: C:/ISEL/4_Semestre/LIC/Projeto_LIC_24-25/hardware/common/ADDER.vhd Line: 3
Info (12021): Found 2 design units, including 1 entities, in source file /isel/4_semestre/lic/projeto_lic_24-25/hardware/testbenches/key_scan_tb.vhd
    Info (12022): Found design unit 1: key_scan_tb-behavioral File: C:/ISEL/4_Semestre/LIC/Projeto_LIC_24-25/hardware/testbenches/Key_Scan_tb.vhd Line: 7
    Info (12023): Found entity 1: key_scan_tb File: C:/ISEL/4_Semestre/LIC/Projeto_LIC_24-25/hardware/testbenches/Key_Scan_tb.vhd Line: 4
Info (12021): Found 2 design units, including 1 entities, in source file /isel/4_semestre/lic/projeto_lic_24-25/hardware/testbenches/key_control_tb.vhd
    Info (12022): Found design unit 1: Key_Control_tb-behavioral File: C:/ISEL/4_Semestre/LIC/Projeto_LIC_24-25/hardware/testbenches/Key_Control_tb.vhd Line: 7
    Info (12023): Found entity 1: Key_Control_tb File: C:/ISEL/4_Semestre/LIC/Projeto_LIC_24-25/hardware/testbenches/Key_Control_tb.vhd Line: 4
Info (12127): Elaborating entity "KEY_SCAN" for the top level hierarchy
Info (12128): Elaborating entity "Counter" for hierarchy "Counter:counter_A" File: C:/ISEL/4_Semestre/LIC/Projeto_LIC_24-25/hardware/keyboard/KEY_SCAN.vhd Line: 52
Info (12128): Elaborating entity "reg" for hierarchy "Counter:counter_A|reg:reg_4" File: C:/ISEL/4_Semestre/LIC/Projeto_LIC_24-25/hardware/common/COUNTER.vhd Line: 39
Info (12128): Elaborating entity "FFD" for hierarchy "Counter:counter_A|reg:reg_4|FFD:U0" File: C:/ISEL/4_Semestre/LIC/Projeto_LIC_24-25/hardware/common/REG_4B.vhd Line: 23
Info (12128): Elaborating entity "ADDER" for hierarchy "Counter:counter_A|ADDER:adder_4" File: C:/ISEL/4_Semestre/LIC/Projeto_LIC_24-25/hardware/common/COUNTER.vhd Line: 47
Info (12128): Elaborating entity "FULLADDER" for hierarchy "Counter:counter_A|ADDER:adder_4|FULLADDER:FA0" File: C:/ISEL/4_Semestre/LIC/Projeto_LIC_24-25/hardware/common/ADDER.vhd Line: 22
Info (12128): Elaborating entity "DECODER" for hierarchy "DECODER:decoder_A" File: C:/ISEL/4_Semestre/LIC/Projeto_LIC_24-25/hardware/keyboard/KEY_SCAN.vhd Line: 59
Info (12128): Elaborating entity "MUX41" for hierarchy "MUX41:mux_A" File: C:/ISEL/4_Semestre/LIC/Projeto_LIC_24-25/hardware/keyboard/KEY_SCAN.vhd Line: 68
Info (12128): Elaborating entity "MUX21" for hierarchy "MUX41:mux_A|MUX21:U0" File: C:/ISEL/4_Semestre/LIC/Projeto_LIC_24-25/hardware/common/MUX_41.vhd Line: 20
Info (286030): Timing-Driven Synthesis is running
Info (16010): Generating hard_block partition "hard_block:auto_generated_inst"
    Info (16011): Adding 0 node(s), including 0 DDIO, 0 PLL, 0 transceiver and 0 LCELL
Info (21057): Implemented 27 device resources after synthesis - the final resource count might be different
    Info (21058): Implemented 7 input pins
    Info (21059): Implemented 9 output pins
    Info (21061): Implemented 11 logic cells
Info: Quartus Prime Analysis & Synthesis was successful. 0 errors, 2 warnings
    Info: Peak virtual memory: 4839 megabytes
    Info: Processing ended: Tue Mar 11 09:05:15 2025
    Info: Elapsed time: 00:00:20
    Info: Total CPU time (on all processors): 00:00:14


